#
# There is insufficient memory for the Java Runtime Environment to continue.
# Native memory allocation (mmap) failed to map 132120576 bytes for G1 virtual space
# Possible reasons:
#   The system is out of physical RAM or swap space
#   The process is running with CompressedOops enabled, and the Java Heap may be blocking the growth of the native heap
# Possible solutions:
#   Reduce memory load on the system
#   Increase physical memory or swap space
#   Check if swap backing store is full
#   Decrease Java heap size (-Xmx/-Xms)
#   Decrease number of Java threads
#   Decrease Java thread stack sizes (-Xss)
#   Set larger code cache with -XX:ReservedCodeCacheSize=
#   JVM is running with Unscaled Compressed Oops mode in which the Java heap is
#     placed in the first 4GB address space. The Java Heap base address is the
#     maximum limit for the native heap growth. Please use -XX:HeapBaseMinAddress
#     to set the Java Heap base and to place the Java Heap above 4GB virtual address.
# This output file may be truncated or incomplete.
#
#  Out of Memory Error (os_windows.cpp:3469), pid=57284, tid=77080
#
# JRE version:  (17.0.1+12) (build )
# Java VM: Java HotSpot(TM) 64-Bit Server VM (17.0.1+12-LTS-39, mixed mode, sharing, tiered, compressed oops, compressed class ptrs, g1 gc, windows-amd64)
# No core dump will be written. Minidumps are not enabled by default on client versions of Windows
#

---------------  S U M M A R Y ------------

Command Line: 

Host: Intel(R) Core(TM) i5-10210U CPU @ 1.60GHz, 8 cores, 7G,  Windows 10 , 64 bit Build 19041 (10.0.19041.2364)
Time: Thu Mar 23 17:33:30 2023 GMT Standard Time elapsed time: 0.015789 seconds (0d 0h 0m 0s)

---------------  T H R E A D  ---------------

Current thread (0x000001c4725c2130):  JavaThread "Unknown thread" [_thread_in_vm, id=77080, stack(0x00000067f4000000,0x00000067f4100000)]

Stack: [0x00000067f4000000,0x00000067f4100000]
Native frames: (J=compiled Java code, j=interpreted, Vv=VM code, C=native code)
V  [jvm.dll+0x66fa1a]
V  [jvm.dll+0x7ce5a4]
V  [jvm.dll+0x7cfd4e]
V  [jvm.dll+0x7d03b3]
V  [jvm.dll+0x242b05]
V  [jvm.dll+0x66ca39]
V  [jvm.dll+0x661502]
V  [jvm.dll+0x30081b]
V  [jvm.dll+0x307da6]
V  [jvm.dll+0x357a1e]
V  [jvm.dll+0x357c4f]
V  [jvm.dll+0x2d7ad8]
V  [jvm.dll+0x2d8a44]
V  [jvm.dll+0x7a01e1]
V  [jvm.dll+0x365791]
V  [jvm.dll+0x77f6cc]
V  [jvm.dll+0x3e812f]
V  [jvm.dll+0x3e9bd1]
C  [jli.dll+0x527b]
C  [ucrtbase.dll+0x21bb2]
C  [KERNEL32.DLL+0x17614]
C  [ntdll.dll+0x526a1]


---------------  P R O C E S S  ---------------

Threads class SMR info:
_java_thread_list=0x00007ffcca197818, length=0, elements={
}

Java Threads: ( => current thread )

Other Threads:
  0x000001c4725ff900 GCTaskThread "GC Thread#0" [stack: 0x00000067f4100000,0x00000067f4200000] [id=72444]
  0x000001c4726110f0 ConcurrentGCThread "G1 Main Marker" [stack: 0x00000067f4200000,0x00000067f4300000] [id=41828]
  0x000001c4726119a0 ConcurrentGCThread "G1 Conc#0" [stack: 0x00000067f4300000,0x00000067f4400000] [id=54988]

[error occurred during error reporting (printing all threads), id 0xc0000005, EXCEPTION_ACCESS_VIOLATION (0xc0000005) at pc=0x00007ffcc99e84b7]

VM state: not at safepoint (not fully initialized)

VM Mutex/Monitor currently owned by a thread:  ([mutex/lock_event])
[0x000001c4725bf3b0] Heap_lock - owner thread: 0x000001c4725c2130

Heap address: 0x0000000083000000, size: 2000 MB, Compressed Oops mode: 32-bit

CDS archive(s) mapped at: [0x0000000000000000-0x0000000000000000-0x0000000000000000), size 0, SharedBaseAddress: 0x0000000800000000, ArchiveRelocationMode: 0.
Narrow klass base: 0x0000000000000000, Narrow klass shift: 0, Narrow klass range: 0x0

GC Precious Log:
<Empty>

Heap:
 garbage-first heap   total 0K, used 0K [0x0000000083000000, 0x0000000100000000)
  region size 1024K, 0 young (0K), 0 survivors (0K)

[error occurred during error reporting (printing heap information), id 0xc0000005, EXCEPTION_ACCESS_VIOLATION (0xc0000005) at pc=0x00007ffcc9dc8d89]

GC Heap History (0 events):
No events

Deoptimization events (0 events):
No events

Classes unloaded (0 events):
No events

Classes redefined (0 events):
No events

Internal exceptions (0 events):
No events

VM Operations (0 events):
No events

Events (1 events):
Event: 0.010 Loaded shared library C:\Program Files\Java\jdk-17.0.1\bin\java.dll


Dynamic libraries:
0x00007ff753ea0000 - 0x00007ff753eb0000 	C:\Program Files\Java\jdk-17.0.1\bin\java.exe
0x00007ffd28210000 - 0x00007ffd28408000 	C:\windows\SYSTEM32\ntdll.dll
0x00007ffd263e0000 - 0x00007ffd2649f000 	C:\windows\System32\KERNEL32.DLL
0x00007ffd25a40000 - 0x00007ffd25d12000 	C:\windows\System32\KERNELBASE.dll
0x00007ffd25f90000 - 0x00007ffd26090000 	C:\windows\System32\ucrtbase.dll
0x00007ffd057d0000 - 0x00007ffd057ea000 	C:\Program Files\Java\jdk-17.0.1\bin\VCRUNTIME140.dll
0x00007ffd05560000 - 0x00007ffd05578000 	C:\Program Files\Java\jdk-17.0.1\bin\jli.dll
0x00007ffd26850000 - 0x00007ffd268fe000 	C:\windows\System32\ADVAPI32.dll
0x00007ffd26d70000 - 0x00007ffd26e0e000 	C:\windows\System32\msvcrt.dll
0x00007ffd264a0000 - 0x00007ffd2653c000 	C:\windows\System32\sechost.dll
0x00007ffd26e70000 - 0x00007ffd26f95000 	C:\windows\System32\RPCRT4.dll
0x00007ffd26b10000 - 0x00007ffd26cb1000 	C:\windows\System32\USER32.dll
0x00007ffd25f60000 - 0x00007ffd25f82000 	C:\windows\System32\win32u.dll
0x00007ffd28190000 - 0x00007ffd281bb000 	C:\windows\System32\GDI32.dll
0x00007ffd06120000 - 0x00007ffd063ba000 	C:\windows\WinSxS\amd64_microsoft.windows.common-controls_6595b64144ccf1df_6.0.19041.1110_none_60b5254171f9507e\COMCTL32.dll
0x00007ffd26140000 - 0x00007ffd2624f000 	C:\windows\System32\gdi32full.dll
0x00007ffd259a0000 - 0x00007ffd25a3d000 	C:\windows\System32\msvcp_win.dll
0x00007ffd1eab0000 - 0x00007ffd1eaba000 	C:\windows\SYSTEM32\VERSION.dll
0x00007ffd26fa0000 - 0x00007ffd26fd2000 	C:\windows\System32\IMM32.DLL
0x00007ffd0bc30000 - 0x00007ffd0bc3c000 	C:\Program Files\Java\jdk-17.0.1\bin\vcruntime140_1.dll
0x00007ffcf7a60000 - 0x00007ffcf7aed000 	C:\Program Files\Java\jdk-17.0.1\bin\msvcp140.dll
0x00007ffcc9700000 - 0x00007ffcca2be000 	C:\Program Files\Java\jdk-17.0.1\bin\server\jvm.dll
0x00007ffd26540000 - 0x00007ffd26548000 	C:\windows\System32\PSAPI.DLL
0x00007ffd08dc0000 - 0x00007ffd08de7000 	C:\windows\SYSTEM32\WINMM.dll
0x00007ffd1d7e0000 - 0x00007ffd1d7e9000 	C:\windows\SYSTEM32\WSOCK32.dll
0x00007ffd28120000 - 0x00007ffd2818b000 	C:\windows\System32\WS2_32.dll
0x00007ffd24110000 - 0x00007ffd24122000 	C:\windows\SYSTEM32\kernel.appcore.dll
0x00007ffd09270000 - 0x00007ffd0927a000 	C:\Program Files\Java\jdk-17.0.1\bin\jimage.dll
0x00007ffd23680000 - 0x00007ffd23864000 	C:\windows\SYSTEM32\DBGHELP.DLL
0x00007ffd0dd90000 - 0x00007ffd0ddc5000 	C:\windows\SYSTEM32\dbgcore.DLL
0x00007ffd25d20000 - 0x00007ffd25da2000 	C:\windows\System32\bcryptPrimitives.dll
0x00007ffcfbe90000 - 0x00007ffcfbeb5000 	C:\Program Files\Java\jdk-17.0.1\bin\java.dll

dbghelp: loaded successfully - version: 4.0.5 - missing functions: none
symbol engine: initialized successfully - sym options: 0x614 - pdb path: .;C:\Program Files\Java\jdk-17.0.1\bin;C:\windows\SYSTEM32;C:\windows\WinSxS\amd64_microsoft.windows.common-controls_6595b64144ccf1df_6.0.19041.1110_none_60b5254171f9507e;C:\Program Files\Java\jdk-17.0.1\bin\server

VM Arguments:
java_command: <unknown>
java_class_path (initial): <not set>
Launcher Type: SUN_STANDARD

[Global flags]
     intx CICompilerCount                          = 4                                         {product} {ergonomic}
     uint ConcGCThreads                            = 2                                         {product} {ergonomic}
     uint G1ConcRefinementThreads                  = 8                                         {product} {ergonomic}
   size_t G1HeapRegionSize                         = 1048576                                   {product} {ergonomic}
    uintx GCDrainStackTargetSize                   = 64                                        {product} {ergonomic}
   size_t InitialHeapSize                          = 132120576                                 {product} {ergonomic}
   size_t MarkStackSize                            = 4194304                                   {product} {ergonomic}
   size_t MaxHeapSize                              = 2097152000                                {product} {ergonomic}
   size_t MinHeapDeltaBytes                        = 1048576                                   {product} {ergonomic}
   size_t MinHeapSize                              = 8388608                                   {product} {ergonomic}
    uintx NonNMethodCodeHeapSize                   = 5839372                                {pd product} {ergonomic}
    uintx NonProfiledCodeHeapSize                  = 122909434                              {pd product} {ergonomic}
    uintx ProfiledCodeHeapSize                     = 122909434                              {pd product} {ergonomic}
    uintx ReservedCodeCacheSize                    = 251658240                              {pd product} {ergonomic}
     bool SegmentedCodeCache                       = true                                      {product} {ergonomic}
   size_t SoftMaxHeapSize                          = 2097152000                             {manageable} {ergonomic}
     bool UseCompressedClassPointers               = true                           {product lp64_product} {ergonomic}
     bool UseCompressedOops                        = true                           {product lp64_product} {ergonomic}
     bool UseG1GC                                  = true                                      {product} {ergonomic}
     bool UseLargePagesIndividualAllocation        = false                                  {pd product} {ergonomic}

Logging:
Log output configuration:
 #0: stdout all=warning uptime,level,tags
 #1: stderr all=off uptime,level,tags

Environment Variables:
JAVA_HOME=C:\Program Files\Java\jdk-17.0.1
PATH=C:\Users\svaug\Desktop\UCC\fyp\website\Team3Shop-main\Flask App\virt\lib\site-packages\enchant\data\mingw64\bin;C:\Users\svaug\Desktop\UCC\fyp\website\Team3Shop-main\Flask App\virt\Scripts;C:\Python310\Scripts\;C:\Python310\;C:\Program Files\Python37\Scripts\;C:\Program Files\Python37\;C:\windows\system32;C:\windows;C:\windows\System32\Wbem;C:\windows\System32\WindowsPowerShell\v1.0\;C:\windows\System32\OpenSSH\;C:\Program Files\Git\cmd;C:\Program Files\Docker\Docker\resources\bin;C:\ProgramData\DockerDesktop\version-bin;C:\Program Files\Java\jdk-17.0.1\bin;C:\Users\svaug\Desktop\Maven\apache-maven-3.8.3-bin\apache-maven-3.8.3\bin;C:\Users\svaug\Desktop\sqlite-tools-win32-x86-3370200\sqlite-tools-win32-x86-3370200;C:\MinGW\bin;C:\php;C:\ProgramData\chocolatey\bin;C:\Program Files\nodejs\;C:\Users\svaug\AppData\Local\Android\Sdk;C:\Users\svaug\AppData\Local\Android\Sdk\tools;C:\Users\svaug\AppData\Local\Android\Sdk\platform-tools;C:\Gradle\gradle-7.4.2\bin;C:\Program Files\Git\usr\bin;C:\Program Files\PuTTY\;C:\Program Files\MySQL\MySQL Shell 8.0\bin\;C:\Users\svaug\AppData\Local\Microsoft\WindowsApps;C:\Users\svaug\AppData\Local\Programs\Microsoft VS Code\bin;C:\Users\svaug\AppData\Roaming\Python\Python37\Scripts;C:\cygwin64\bin;C:\Users\svaug\Desktop\apache-ant-1.9.16-bin\apache-ant-1.9.16\bin;C:\Users\svaug\AppData\Roaming\npm;C:\Users\svaug\AppData\Roaming\npm\node_modules\@angular\cli\bin;C:\Users\svaug\AppData\Roaming\npm\node_modules\@ionic\cli\bin;C:\Users\svaug\Desktop\UCC\fyp\website\Team3Shop-main\Flask App\virt\lib\site-packages\numpy\.libs;C:\Users\svaug\Desktop\UCC\fyp\website\Team3Shop-main\Flask App\virt\lib\site-packages\numpy\.libs
USERNAME=svaug
OS=Windows_NT
PROCESSOR_IDENTIFIER=Intel64 Family 6 Model 142 Stepping 12, GenuineIntel



---------------  S Y S T E M  ---------------

OS:
 Windows 10 , 64 bit Build 19041 (10.0.19041.2364)
OS uptime: 25 days 16:19 hours
Hyper-V role detected

CPU: total 8 (initial active 8) (4 cores per cpu, 2 threads per core) family 6 model 142 stepping 12 microcode 0xde, cx8, cmov, fxsr, ht, mmx, 3dnowpref, sse, sse2, sse3, ssse3, sse4.1, sse4.2, popcnt, lzcnt, tsc, tscinvbit, avx, avx2, aes, erms, clmul, bmi1, bmi2, adx, fma, vzeroupper, clflush, clflushopt, hv

Memory: 4k page, system-wide physical 7995M (266M free)
TotalPageFile size 32571M (AvailPageFile size 109M)
current process WorkingSet (physical memory assigned to process): 10M, peak: 10M
current process commit charge ("private bytes"): 60M, peak: 186M

vm_info: Java HotSpot(TM) 64-Bit Server VM (17.0.1+12-LTS-39) for windows-amd64 JRE (17.0.1+12-LTS-39), built on Sep 27 2021 18:41:35 by "mach5one" with MS VC++ 16.8 (VS2019)

END.
